tampa
27.959999
1900;1
12
1.393425
0.981648
1.618836
1.287890
0.370626
0.864095
-0.597836
0.088977
-0.207841
1.302733
0.058492
1.011998
-0.214425
0.036889
0.792720
0.801419
1.106142
0.699701
0.160314
0.642493
-0.002698
-0.636323
0.272174
0.165602
-0.635829
1.521750
-0.023147
0.144422
0.768976
0.362207
0.466717
0.276718
1.338910
0.804097
-0.322064
0.045934
1.884569
1.374073
0.706569
0.172071
0.376976
0.128127
0.959663
-0.319575
1.488040
0.046444
1.408354
0.413150
2.033630
0.443097
-0.914327
-0.152670
0.955822
0.510138
-0.308760
0.960537
-1.223523
0.620308
1.132927
0.128309
-0.453613
-0.529546
-0.248694
0.475880
-0.381904
1.008312
0.462536
2.040625
0.107128
-0.312400
-0.599287
1.475628
1.117291
-0.167796
0.439979
0.256713
1.185750
0.261621
1.930535
1.243179
-0.154643
-0.378973
-0.385810
-0.879269
-1.189363
-0.680170
-1.795312
-0.037223
0.373835
0.678169
0.763565
-1.028138
0.920702
-0.038454
0.638482
1.848022
0.332754
-0.341049
-1.457593
-0.350603
-0.016557
0.345189
-1.123537
0.361926
0.222766
0.173939
0.311913
-0.996432
-0.281617
-0.560221
-0.489024
-0.222809
0.466098
1.539015
1.258899
1.694042
-0.983769
-0.437861
-0.349304
0.105420
-0.380411
0.533171
-0.713065
0.341424
0.138255
1.199317
1.101536
0.036734
-1.575803
1.568845
0.958794
0.195050
-0.804951
-1.369147
0.125255
-0.734541
0.713706
-0.431064
0.100112
0.140477
0.412453
1.341991
1.488682
0.351000
1.856209
0.053786
0.780944
-0.476236
0.710515
2.056218
0.134751
-0.673101
2.497053
-0.474518
1.091232
-0.473535
-1.084999
0.706439
0.136230
0.305061
0.105210
0.546151
0.259204
1.387147
-0.864627
0.351166
-0.577021
1.173650
1.266199
0.672420
-0.066275
0.638315
-0.420689
-0.398442
0.031172
-0.449566
0.479272
1.316761
0.788992
1.397838
1.509015
1.128268
0.219736
0.336078
1.446394
-0.752005
-0.546625
0.596028
-1.304894
-0.585288
0.995490
0.715581
-1.495471
-0.681060
-0.333652
1.126434
-0.018720
0.441301
-0.471019
0.655661
0.363101
-0.664836
1.695010
0.055879
-1.126552
-0.283307
-1.142989
0.191750
0.030170
-0.467793
0.212762
1.159661
0.077791
1.275641
-0.097978
-0.234243
0.912992
-1.738581
-1.225609
0.374344
0.190916
-1.625135
-0.475618
0.336675
0.099437
0.171517
1.189147
0.401006
0.481717
1.432870
0.881002
-0.533198
0.956554
0.792297
1.469078
-1.289917
0.385635
-1.451162
0.484812
-0.063197
0.355656
0.605160
-0.534975
2.145027
-0.031803
-0.291252
1.517355
-0.339844
0.339449
-0.640529
1.259418
0.157857
-0.595404
-0.452907
-1.282597
0.367595
2.104757
-0.022695
1.350408
-1.663056
-1.640946
2.371327
-0.031236
-0.052294
-0.386861
-1.328687
-0.722822
-1.706641
0.427070
-1.191962
0.194819
0.706806
0.977366
2.377465
-0.360958
0.759917
-0.698343
-0.987567
-0.816393
-0.777066
1.426721
0.356668
-0.428146
-0.486074
0.389134
1.335763
-0.097753
-1.255526
-0.028514
0.679204
1.638251
-0.012998
1.323924
0.626673
1.088671
-1.511606
0.617884
1.627730
-0.578142
-1.222237
1.125945
-0.441977
-1.024166
-0.270381
1.584425
0.525618
1.690465
1.587633
-1.473704
0.285441
1.833092
0.898860
1.381929
-0.834151
1.270210
1.807173
0.112609
0.446852
-1.006365
-0.010900
-0.206089
-0.265916
0.544997
-1.173490
-1.186219
0.362555
0.072567
-0.890645
-1.147771
-0.628663
0.094770
0.085576
-1.281276
0.918159
-1.142594
0.122343
-0.482250
-0.774293
0.073283
1.397719
0.512187
1.507758
-0.752367
0.291829
1.239905
0.355515
-0.606217
-0.560080
-0.027571
-0.519456
-0.401392
0.192973
0.736469
0.511710
0.753516
0.041603
1.793385
-0.438917
-1.097251
0.903482
-0.232210
0.327739
1.990041
1.169446
1.324003
1.181862
-1.181714
0.077857
-0.604587
0.014356
-0.468219
1.692393
1.011616
-0.218398
1.633911
2.110507
0.652238
-1.570656
-0.141624
-0.278869
0.884546
-1.094142
-1.228504
-1.748454
-1.664141
-1.978710
0.424155
-0.385979
1.142672
0.812578
-1.822186
1.956228
0.082015
0.160517
0.561194
-1.527936
-1.148797
0.444205
0.255821
1.754058
-0.842201
-0.343702
1.458202
-0.197355
0.957439
-0.397888
-0.404100
-1.680519
-0.591656
0.883430
0.116532
1.033239
0.655633
2.309158
-0.033567
-0.383461
0.564279
0.631736
-0.861567
-0.380183
-1.030806
-0.351034
-1.466764
0.103548
0.243206
0.410509
1.002463
1.257386
1.260624
0.087963
-0.251375
0.979937
0.811949
1.774131
0.114379
-0.451436
0.588217
-0.362921
0.545020
0.130607
-0.438073
0.035627
-0.214662
0.213945
-1.335238
2.323209
0.380089
1.196238
1.029581
-0.124024
0.435332
0.336146
-1.616648
0.682424
1.477923
-0.050265
-0.374291
-1.126942
-1.079571
-0.835454
0.890916
0.998130
1.033854
-2.419562
-0.003821
1.992979
-0.501876
-0.796184
-0.400950
-1.301677
-1.044204
-0.507509
1.525730
1.028856
0.720059
1.882825
-0.636725
-0.028544
-0.314283
-0.298405
1.098487
1.169392
0.062403
1.108170
-0.506498
0.592471
-0.879582
0.620126
-0.348602
-0.928525
-0.781841
0.453386
0.846296
0.631435
1.039132
1.616477
-0.870151
0.190032
-0.357852
-1.657776
0.029002
-0.639575
1.636811
1.673497
0.882228
0.813721
1.253853
0.223663
-0.548964
0.149187
-0.896865
-1.294875
-0.820958
-1.501540
-1.177038
0.566577
-1.116260
-0.389205
0.605544
-0.558315
-0.446459
1.591524
1.107456
-0.422409
-0.266044
-0.077126
-0.237995
-0.855808
0.109465
-1.454222
0.400235
-0.935241
0.371067
-0.323096
-1.004728
-0.743947
-1.516784
1.645553
-0.249848
-0.664388
1.157186
-1.155392
-2.067864
-0.908211
-0.889361
2.544688
1.420180
1.399660
0.592239
0.965859
-0.168444
1.097218
0.144461
1.278359
-0.141887
-1.107716
0.256716
1.517196
1.672742
-0.326166
0.615826
1.177596
-1.710791
-1.740800
-1.325976
1.035642
1.573626
0.293440
-0.602649
-0.015226
1.285647
1.275853
1.770910
0.670921
0.663236
-0.421831
2.253165
-1.068166
-0.048396
1.024147
-1.106430
-0.597342
0.390446
0.400072
-0.928936
-0.517451
-0.721292
-0.595929
-1.744832
-1.882167
-1.266187
0.360096
-0.686222
0.469765
-1.051221
2.427097
1.202846
-1.125901
0.304445
-1.519791
-2.185529
-1.471269
0.593245
0.781498
-0.424189
-0.063084
1.736843
0.264803
1.109476
0.149488
-0.330509
1.768159
-0.879403
-0.044455
-0.227546
1.642745
-0.272026
-1.700433
-0.190369
-0.355314
0.870171
-1.174165
1.528697
0.007329
-0.848325
0.669961
1.260390
0.147416
-0.072774
-1.482505
0.995787
-1.876528
-0.215396
2.032114
0.500834
-0.274903
1.062091
0.450347
0.284548
0.855843
-1.357651
0.478488
-0.099365
-0.595684
1.487000
0.167855
1.789469
1.084816
-0.685060
-0.433315
0.069252
-0.053353
1.379489
-0.537573
0.044289
-1.045124
0.090730
-0.630421
2.052414
0.442030
0.541137
0.201085
0.171756
-0.355161
-0.758265
-0.986138
1.449021
0.714334
0.816691
0.829188
0.771596
-0.542271
0.427831
-0.855503
-1.052784
0.475654
-0.342600
-1.002567
-0.950139
-0.287917
-0.437646
0.859099
-0.267698
-1.564000
-0.565463
0.061914
1.448130
1.774442
1.508986
1.419486
0.995134
1.343418
0.012672
0.554033
-0.018820
0.291896
1.766780
1.121671
1.119478
0.978259
0.386648
-0.375230
-0.901903
0.571813
-0.044541
0.779632
-0.275175
1.126476
1.014859
-0.585496
2.251806
1.548651
1.474388
0.796259
-0.100744
0.917739
0.646288
1.240082
-0.245118
0.425229
-0.299950
0.719349
2.129140
-0.325880
-0.385755
0.093816
2.624404
-0.048249
0.534972
-0.298780
-1.499383
0.269272
-0.042534
0.503879
-0.483957
0.292315
-0.057956
-1.288244
0.013357
-0.564436
-1.405643
-1.261533
-0.627890
0.895846
-0.267342
-0.874985
0.864978
0.156967
0.006272
0.149620
-1.642684
0.845798
0.565499
-0.565571
1.034225
-0.462805
0.358250
1.939856
-0.222545
-1.288408
-0.315803
-0.708811
0.306309
-1.349469
-0.674919
-1.090237
2.147131
0.749798
1.525440
1.366705
0.486348
-1.416092
0.524492
-0.083019
0.725796
1.031301
0.091447
0.886319
-0.760780
0.721618
-0.043373
-0.009990
-0.049942
-0.665845
-0.748073
0.446998
0.913248
-0.615970
0.418375
-0.059636
-0.252822
0.498858
1.237561
0.472170
-0.300647
0.245831
-1.163878
0.213712
0.145269
-1.099511
-0.669052
-0.751674
-0.403395
-0.199654
-0.489572
0.958118
-1.056819
-1.725132
-0.991613
-0.477774
0.997853
1.054806
-1.163673
0.345400
-0.384497
0.012187
-0.849359
-0.010672
-0.110744
-0.927267
0.020179
0.248708
0.548644
-0.279737
-0.729363
1.144702
1.427687
-0.326566
0.090414
0.219253
1.333220
-1.471160
1.343047
-0.903506
-0.146369
1.338628
-0.669349
0.199786
1.198641
1.482376
0.969385
0.930880
1.278941
-1.322257
0.737233
-1.394733
-1.522002
0.142315
-0.916587
-1.197630
0.430945
-0.284056
-0.614808
0.768447
-0.558467
0.328990
0.787649
-1.388446
0.085604
-0.029172
1.134852
0.856257
0.012259
-1.845261
-1.548520
0.956278
0.215136
-1.010394
-0.244173
-0.470092
-0.210280
0.683298
-1.775709
0.398152
1.177672
0.034823
0.873363
0.342392
0.384113
0.663989
-1.172847
-0.965312
-0.993165
0.598822
0.692515
-1.063101
0.512244
1.504385
-2.403676
-0.757253
-0.545348
-0.906674
-0.965391
1.916205
-1.132466
-1.201818
-1.042216
-1.027097
-1.066757
0.613227
-1.091657
-0.842243
-0.822800
-1.185471
-1.176123
0.440110
-0.411619
-1.507288
1.226416
0.890699
-1.074225
-0.366884
-0.675542
-1.163992
-0.893617
0.166836
1.736544
0.444815
-0.862560
-0.184178
0.094183
0.027247
0.647241
0.402940
0.899885
0.267338
-1.497668
-0.668128
-0.826006
-1.725477
-0.802750
-0.770578
-0.882914
-0.829482
0.325615
0.990998
0.797351
1.388626
0.164709
-0.803702
0.702526
-1.744573
-0.652737
-0.748094
-1.184737
0.595513
-1.924719
0.438022
1.722933
0.385836
0.056432
-1.578639
2.841121
-1.522247
-0.769740
1.381409
1.719716
-1.647482
-0.640703
-0.183559
-0.253883
0.115319
0.095281
1.316154
0.511360
-1.098125
-0.886700
-0.189406
-0.851014
-0.509976
0.910169
-0.523836
-0.324854
1.194761
-0.055807
-1.614185
-0.174566
0.751486
-1.858885
0.032274
0.103369
-0.925501
-0.341765
1.022575
0.004670
-0.707027
0.061288
0.011954
1.378070
0.438906
0.825501
-0.234667
1.234765
0.004351
-0.992699
-1.010909
-0.291221
1.732103
1.610298
0.858899
0.606505
0.132816
-0.404078
0.336354
0.246763
-0.570985
0.749839
1.315012
-0.013869
0.390209
-0.553525
-0.171829
0.040448
-1.124367
-0.057545
-0.826993
-0.623320
-1.714572
-0.197181
-2.373525
0.366329
-0.312941
-0.700945
-0.880964
-1.863502
-0.547086
-0.406256
0.114773
0.795498
0.574849
-1.488578
-0.108437
0.327952
-0.759866
0.743285
-0.252736
-0.211987
-0.729606
-0.596887
-0.949267
-1.092879
1.408700
-1.835728
-0.327487
0.798208
-0.594857
2.136855
-0.183405
-0.064762
-1.423566
-0.659898
-0.033918
-0.659025
0.044177
1.416680
-1.221191
0.573291
-0.337653
0.656954
0.104319
-0.382050
-0.567542
-1.423455
0.869907
1.617769
-1.391513
1.806691
-0.148909
-0.962627
-1.421606
-0.770026
-0.989288
-1.588570
-0.030233
0.184702
-0.138362
-0.325776
-0.430786
0.214437
1.409198
-1.524584
0.423459
-0.805127
-0.458364
-1.245279
-0.861960
0.616567
-1.956246
-1.659030
-0.430832
-1.097844
-2.139996
-0.351268
-1.365748
0.667253
-1.596414
0.890244
-1.108445
0.613534
-0.400489
-1.222868
-1.274785
0.059212
-1.133615
-0.268734
0.454858
-0.642913
0.434263
-0.840902
-0.113896
-1.759236
0.046610
-1.389502
0.622119
0.308325
-0.823215
0.326622
0.047786
0.687688
0.815145
-0.345694
-1.385851
-1.731662
-1.307581
-0.123565
0.792324
-1.294582
-0.062715
0.884614
-1.635839
-1.192966
0.168742
-1.675762
-0.574851
1.066412
0.223677
0.534671
0.224146
-1.988710
-0.498947
1.184898
-0.184827
0.573377
0.438719
-1.846209
0.599064
-1.698324
-0.671961
-0.536954
-0.136664
-0.096103
0.304827
1.158639
-0.088308
0.980564
0.850284
-1.151155
0.451102
-1.822268
-0.678184
-0.542045
0.139986
-0.519988
0.094080
-0.868707
-1.697927
-1.804038
2.420575
-0.771958
-1.947087
-0.468852
-0.016360
1.467520
0.926449
1.189789
2.600419
1.055351
2.267491
1.019042
-1.354208
-0.874462
-2.111863
1.218436
-0.768538
0.486276
-2.193340
-1.869874
-1.564447
0.290667
-1.437594
-0.809972
-2.011166
-0.882988
-0.886227
-1.502427
-0.121864
-0.194356
-0.116873
0.025191
-0.701017
-0.122547
-1.384374
-1.861649
-1.220292
-2.340175
-1.095212
0.096507
-1.125053
-0.661798
-1.725117
0.396325
-0.068188
-0.215474
-1.324997
1.345512
-1.817313
-1.611627
-0.242168
-0.582591
-2.018936
1.440230
-0.104506
-1.968496
-1.886377
0.065174
0.125047
-1.491482
-1.331759
-1.600536
1.252236
-0.249095
0.166208
0.007548
-1.149495
0.386848
2.510527
-0.822301
0.127158
0.013204
1.005174
-0.826901
1.609413
-1.399530
1.741711
-0.921772
-2.086621
-1.193781
-0.135037
0.939647
0.624890
-0.980412
0.143947
-1.158629
0.309274
0.558298
1.576648
1.909202
-0.977900
-1.084406
-0.096445
-1.121364
-0.531351
0.388240
0.739304
0.372187
1.478379
-1.705995
-1.903316
-2.311428
0.710872
-1.024669
-0.091023
-1.044697
2.041828
-1.559723
-1.408841
-0.798210
0.512427
0.359432
-0.703158
1.361600
-1.466335
0.717040
0.027285
-0.828976
-0.297160
-1.318423
-0.000477
-1.540557
0.434039
-0.294873
0.403410
-0.865505
-1.491579
-1.381868
-1.306108