tampa
27.959999
1900;12
12
1.447619
1.152015
0.938954
0.629246
0.515264
0.696596
0.674847
0.883621
1.053013
1.079154
0.803589
0.831058
0.615204
0.550091
0.897095
0.705843
0.594056
0.490952
0.410190
0.509699
0.438576
0.861763
1.122569
1.061586
1.004758
1.448322
1.357382
1.467147
1.445893
1.409311
1.410673
1.527117
1.411954
1.451753
1.422133
1.680286
1.681789
1.686800
1.442298
1.159607
1.104724
1.250876
1.392788
1.041000
1.367459
0.589631
0.717779
0.650521
0.570044
-0.016836
-0.177871
-0.052576
0.049955
-0.274486
-0.123386
0.122700
0.661437
0.963283
0.873202
0.619467
0.935939
1.172052
1.186428
1.285368
1.237118
1.563713
1.439747
1.871263
1.583529
1.518764
1.596866
1.648349
1.190494
0.823886
0.728029
0.346735
0.305583
0.065454
0.194791
-0.313611
-0.971400
-0.622345
-0.611099
-0.485348
0.214661
0.443962
0.496552
0.537137
0.494606
0.403549
0.319965
-0.251388
0.150264
-0.106820
-0.084738
-0.154412
-0.848008
-0.937962
-0.934592
-0.762940
-0.728604
-0.651550
-0.267671
0.507086
1.005855
0.683662
0.629661
0.535905
0.647251
0.627145
0.804279
0.758182
0.822701
0.759221
0.659632
0.601005
0.039976
-0.138404
0.292352
0.479051
0.467451
0.404944
0.081917
0.241351
0.102262
0.215705
-0.277051
-0.600418
-0.565566
-0.012751
-0.100529
0.007006
0.021814
0.585158
0.792375
0.926171
0.940525
0.949562
1.719102
1.702642
1.547635
2.258984
2.170408
2.172172
2.034515
1.552916
1.596302
1.454019
1.508664
1.443920
0.979513
1.008734
1.531049
0.216087
0.352037
0.081705
0.401009
0.796878
0.772535
0.723582
0.767628
0.673675
0.442024
0.379332
-0.177348
0.192873
0.425893
0.607971
0.660480
0.720067
0.816173
0.858038
0.801230
1.228774
1.196532
1.041950
1.300345
0.862009
0.557305
0.588257
0.345929
-0.197794
-0.546393
-0.634837
-0.463800
-0.868584
-0.592509
-0.560778
-0.533411
-0.070666
-0.092578
0.068866
-0.075183
-0.018647
0.064264
-0.065042
-0.235437
-0.250269
-0.513266
-0.301590
-0.095408
-0.196851
0.162217
-0.209038
-0.258963
0.082503
-0.130953
-0.133884
-0.095248
-0.085582
-0.420091
-0.609232
-0.881174
-0.858539
-1.129116
-0.944526
-0.836436
-0.915467
-0.260188
0.182479
0.062308
0.232098
0.914755
1.466043
1.141994
1.192033
1.068857
0.956449
0.845895
0.813969
0.578279
0.263121
0.879567
0.665592
0.384753
0.412899
0.681900
0.642566
0.771474
0.909673
0.906055
0.756180
0.553822
0.432758
-0.093900
0.620296
0.717413
0.647607
0.352001
-0.217458
0.655497
0.429127
0.370535
0.400092
0.266770
0.353457
0.106920
-0.554792
-0.881445
-1.238972
-0.659849
0.111891
0.116027
0.057139
0.199083
0.155733
0.218625
0.204822
0.305177
0.584177
1.011710
0.840935
0.562086
0.336644
-0.165663
-0.149426
-0.454355
-0.350562
-0.019164
0.646678
0.728552
0.690681
0.797332
1.225681
1.026827
1.067367
1.213609
1.175422
1.137199
1.304436
1.085540
0.424459
0.390298
0.480779
0.470744
0.730500
1.532103
1.054015
0.799032
1.212812
1.450599
1.473069
1.374035
1.741575
2.005939
1.792226
1.842160
1.100053
0.627032
0.912177
0.881761
0.592317
0.237583
-0.224079
0.010319
-0.326045
-0.835717
-1.056839
-1.348036
-1.069439
-1.071656
-1.299155
-1.170893
-1.352916
-1.194600
-1.114056
-1.252570
-1.219099
-0.841259
-0.563114
0.087379
-0.154292
-0.067736
0.680330
0.602901
0.656679
0.531926
0.594867
0.625730
0.531651
0.284314
0.324044
-0.021809
0.448264
0.415985
0.666316
0.580125
0.516342
0.742842
0.704719
0.830701
1.492519
1.603621
1.788861
2.011273
1.565030
1.571940
0.844180
0.950199
1.021255
1.255354
1.416033
1.288668
1.088116
1.352680
1.216499
0.519504
0.815314
0.760577
1.131670
1.062432
0.990199
0.286330
-0.146729
-0.398349
-0.802729
-1.342122
-1.227185
-0.663752
-1.128828
-0.330617
-0.598842
-0.460788
-0.247918
-0.235152
-0.157691
0.262653
0.224260
0.663294
0.226817
-0.104038
0.950929
0.214464
0.478530
0.416318
0.269441
0.235452
0.315736
0.420809
0.388053
0.172251
0.451355
1.393614
0.932737
0.918748
0.766928
0.964825
0.918916
1.007092
0.935840
0.685044
0.418989
0.253080
0.138980
-0.658006
-0.313599
0.232085
0.473434
0.397076
0.458911
0.687683
0.955760
1.387554
1.567286
1.487525
1.591236
1.484723
1.341233
1.054676
0.519900
0.536391
0.532430
0.334402
-0.007889
0.314703
0.372041
0.641313
0.752918
0.845802
0.811632
0.894723
0.579337
0.720949
1.001411
0.924131
1.032672
0.073098
-0.194191
-0.510172
-0.573946
-0.263038
-0.042446
-0.767219
-0.327302
0.093927
-0.264673
-0.365330
-0.364208
-0.362928
-0.342300
-0.290666
-0.093937
-0.087382
-0.191502
1.124024
0.953784
0.472862
0.485747
0.519320
0.776379
1.177064
1.315748
1.496376
1.108061
1.026127
0.572122
0.077728
0.136239
0.009311
-0.064577
0.047737
-0.006723
-0.132259
0.135498
0.288846
0.209465
0.098074
0.260992
-0.330700
-0.231781
-0.213208
0.191888
0.575072
0.578122
0.612603
0.679496
0.369905
0.410628
0.416794
0.265754
0.396678
0.142394
0.033807
-0.447301
-0.806615
-1.100108
-1.273455
-1.417417
-1.481711
-1.462979
-1.107700
-0.510813
-0.268612
-0.127793
0.050202
0.146663
-0.086117
0.101024
-0.052635
-0.096707
-0.130686
0.008763
-0.617311
-1.216457
-1.331256
-1.567625
-1.292823
-1.293240
-1.251287
-1.078573
-0.999994
-1.337762
-1.313141
-1.505273
-0.542598
0.266399
0.926735
1.391122
1.298182
1.324458
1.552178
1.358419
1.677396
1.855016
1.807805
2.019875
1.691617
1.753554
1.349312
1.338488
1.457492
1.334261
0.903504
0.690528
0.609743
1.069357
1.199402
1.081905
0.654647
0.485978
0.981720
1.380840
1.360030
1.622457
1.679743
2.186078
1.841786
1.459689
1.536755
1.517245
1.451295
1.172973
0.938030
-0.005460
-0.214031
-0.420916
-0.442476
-1.241140
-1.308681
-1.447674
-1.530475
-1.468907
-1.283977
-1.625569
-0.813740
-0.139919
-0.235363
-0.119055
-0.223842
-0.279768
-0.193209
0.171476
0.250448
0.279140
0.137344
1.060053
0.138432
0.077928
0.257417
0.156477
0.838930
0.992348
1.158984
0.988295
1.168280
1.214358
0.852263
0.165021
0.028610
-0.084775
-0.285201
0.032088
-0.513936
-0.505209
-0.329536
0.082844
-0.251945
-0.238740
-0.182225
0.215135
-0.155656
-0.511118
0.209102
-0.024682
-0.078443
0.257163
0.215845
-0.074122
0.058450
-0.188131
0.360162
0.009152
0.378399
0.924919
0.449728
0.729287
0.957914
0.661088
0.495799
0.445837
0.296643
0.869526
0.637776
0.680697
0.607235
0.067314
-0.056594
0.024536
-0.151036
0.051134
0.178768
0.202696
0.167258
-0.364461
-0.501955
0.010520
0.522681
0.719157
0.983272
0.660960
0.481383
0.458417
0.280731
0.061910
0.187670
0.242220
0.247933
-0.538994
-0.820112
-1.157954
-1.207016
-1.334611
-1.392338
-1.528215
-1.365720
-0.775743
-0.426037
0.038534
0.773147
1.301452
1.689609
1.768296
1.822684
1.889467
2.001833
2.261041
2.305037
2.196306
2.014045
1.866522
1.515885
1.011438
0.791169
0.750678
0.833966
0.802343
0.957386
0.742730
0.390949
0.995584
1.114019
1.406768
1.722891
1.862917
1.914717
2.050110
2.237939
2.309453
2.139722
1.922584
2.005203
1.909302
1.627898
1.302616
1.176723
2.081650
1.870664
1.846565
1.738438
1.666927
1.596510
1.589803
1.496610
0.684703
0.756963
0.815391
0.482176
-0.721894
-0.858064
-1.330160
-1.491879
-1.407002
-1.270104
-1.306553
-1.475029
-1.179772
-1.176445
-1.173917
-0.868656
-1.303021
-0.972829
-0.417251
-0.356632
-0.124420
-0.379822
-0.273713
0.468225
0.212126
0.041109
-0.042691
-0.281932
0.323171
-0.258046
-0.624051
-0.728233
-0.417935
-0.211068
0.065935
-0.161481
0.001789
-0.003881
0.149202
0.327031
0.469035
1.107311
1.258633
1.578602
1.109262
1.063237
0.740905
0.408292
0.288875
0.370722
0.105338
0.262260
0.336258
-0.117664
-0.031565
-0.222845
-0.178496
-0.235668
0.025572
0.136308
0.091893
0.217163
0.128809
0.065287
-0.180345
-0.282858
-0.599012
-0.731238
-0.761827
-0.860248
-1.147514
-1.004773
-1.090664
-1.275540
-1.256416
-1.455094
-1.221308
-0.665276
-0.785398
-0.671002
-0.682836
-0.645849
-0.691879
-0.859372
-0.678421
-0.579486
-0.425616
-0.244326
-0.391041
-0.786469
-0.663216
-0.528704
-0.237054
-0.291657
-0.145423
-0.080250
0.331022
0.275401
0.607653
0.320800
0.113700
0.656104
0.645261
0.480566
0.414814
0.813339
0.955237
1.068866
1.033239
1.031700
0.874513
0.780098
0.381785
0.009424
-0.074227
-0.285639
-0.445363
-0.850077
-1.096440
-1.096176
-1.463013
-1.266786
-1.260378
-1.305265
-0.878075
-0.936771
-0.297863
0.011295
-0.066823
-0.240068
-0.366375
-0.290121
-0.127177
-0.289917
-0.539031
-0.308005
-0.384638
-0.151388
-1.008651
-1.144430
-0.975513
-0.771780
-0.397661
-0.511130
-0.454446
-0.209647
-0.394060
-0.544435
-0.755766
-0.786876
-0.083392
-0.313903
-0.455821
-0.064726
-0.560312
-0.716112
-0.868944
-1.051386
-1.033764
-0.157640
-0.189651
-0.663382
-1.123470
-1.173790
-1.344474
-1.538404
-1.410349
-1.385046
-1.388138
-1.391541
-1.418774
-1.885433
-1.743435
-1.899063
-1.251878
-1.034523
-1.041890
-1.164938
-1.119081
-1.125887
-1.104973
-0.931772
-0.244532
-0.254013
-0.375477
-0.004191
-0.422778
-0.616961
-0.410109
-0.290655
-0.016531
0.241464
0.151207
0.047720
-0.644432
-1.223412
-1.205145
-1.381287
-1.557559
-1.712199
-1.732137
-1.596888
-1.630700
-1.359611
-1.076084
-1.069109
-0.804174
-0.842282
-0.792636
-0.793542
-0.857236
-0.691633
-0.954238
-1.055101
-0.829860
-1.041487
-1.032712
-1.086807
0.075667
0.148091
0.122352
0.791926
1.579137
1.422512
1.561746
1.431546
1.039301
0.964302
0.956764
1.304579
0.152864
0.284703
0.257556
-0.232621
-1.115989
-1.043042
-0.848393
-0.876763
-0.886121
-0.603591
-0.613090
-1.015809
-1.154751
-0.729907
-1.008152
-0.973229
-0.704522
-0.798409
-0.981195
-0.700847
-0.649500
-0.991698
-0.941279
-0.743500
-0.373117
-0.484948
0.363781
0.329360
0.689982
0.847255
0.774395
0.402851
0.356586
0.915292
1.318371
1.407287
1.250809
1.226325
0.882230
1.046335
0.704442
0.661071
0.881278
1.245634
1.257828
0.878092
0.284595
0.119758
-0.027595
-0.377239
-0.264635
-0.561012
-0.795191
-0.972209
-1.103289
-1.529645
-1.494980
-1.564790
-1.546208
-1.592771
-1.818945
-1.766421
-1.848546
-1.753105
-1.341681
-1.120320
-1.251459
-1.040432
-1.048860
-1.077268
-0.764078
-0.673149
-0.426892
-0.494194
-0.538084
-0.809437
-1.293938
-1.167751
-1.202776
-1.206095
-1.135042
-1.073886
-0.393822
-0.370610
-0.367325
-0.576880
-0.584514
-0.334134
-0.225273
-0.555707
-0.100164
-0.211906
-0.252012
-0.184669
-0.863737
-0.806546
-0.880232
-0.691272
-0.900394
-0.642566
0.162341
-0.033025
0.067611
0.179615
-0.060977
-0.213204
-0.493039
-0.610855
-0.823848
-0.720859
-0.237558
-0.524410
-1.189667
-1.137740
-1.422351
-1.085752
-1.157573
-0.834082
-0.814042
-0.736376
-0.704882
-0.943024
-0.808756
-1.271504
-1.533287
-1.594556
-1.701558
-2.054258
-1.977800
-2.161794
-1.903100
-1.972801
-1.638851
-1.743826
-1.752502
-1.503065
-1.353338
-1.501037
-1.383232
-1.289121
-1.286940
-0.973341
-1.191115
-0.942504
-1.269822
-1.086635
-1.675901
-1.661269
-1.635137
-1.474615
-1.440178
-1.386726
-1.318975
-1.350281
-1.071219
-0.986081
-0.923011
-1.264380
-1.254148
-1.607234
-1.266095
-1.292474
-1.449574
-1.345079
-1.264752
-1.455288
-1.710246
-1.774317
-1.909293
-1.814367
-1.124502
-0.767255
-0.563227
-0.707141
-0.791930
-0.835686
-0.768280
-0.510809
-0.156273
-0.103150
-0.153759
0.174179
-0.684393
-0.919920
-1.183898
-1.289205
-1.105387
-0.981903
-0.989230
-0.936349
-0.796843
-0.704282
-0.619642
-0.688480
-0.719013
-0.722321
-0.714589
-0.714190
-0.777161
-0.800325
-1.120302
-1.305311
-1.711418
-1.179211
-1.133361
-1.714947
-1.395525
-1.296558
-0.620511
-0.504380
-0.253832
1.042393
1.305418
1.990924
2.291196
1.684686
1.728913
1.754508
2.098337
1.946707
1.691057
1.447487
1.113053
-0.417993
-0.564023
-1.438172
-1.726393
-1.754115
-1.736411
-1.521303
-2.143015
-2.158483
-2.200654
-2.092802
-1.914656
-1.817613
-1.889973
-1.854752
-1.925886
-1.846333
-1.978805
-2.078046
-1.761375
-2.058069
-2.058604
-2.258181
-2.183060
-2.087651
-2.133185
-2.103715
-1.544626
-1.571118
-1.476697
-1.344242
-1.504497
-1.771238
-1.114432
-0.979905
-1.233099
-1.367627
-1.341850
-1.097094
-1.603166
-1.541826
-1.533000
-1.216080
-1.128869
-0.595729
-1.086474
-1.263059
-1.021342
0.374858
0.242411
0.250502
0.497385
0.804976
0.924818
1.096983
0.781188
1.307024
1.082589
1.047898
0.871946
-0.388450
-0.085530
0.037705
-0.132587
-0.279846
-0.359515
-0.818973
-0.231829
-0.295168
0.722559
0.880723
0.893677
0.863041
0.531373
0.315420
0.563741
0.653703
0.915761
1.306080
0.683565
-0.333466
-1.627977
-1.481627
-1.469097
-1.439689
-1.443340
-0.763399
-1.059386
-1.292005
-1.474352
-1.778357
-1.297228
-1.050861
0.068687
-0.266857
-0.048013
-0.041577
-0.006580
-0.667685
-0.611565
-0.431418
-0.574632
-0.621538
-0.799092
-0.505239
-1.185588
-1.243840
-1.463481
-1.555983